SF:E:\projects\dart\clever_util\test\src\clever_util_test.dart
DA:8,1
DA:9,2
DA:10,2
DA:12,2
DA:13,2
DA:14,2
DA:16,2
DA:18,2
DA:19,2
DA:20,2
DA:23,2
DA:25,1
DA:26,1
DA:27,2
DA:30,2
DA:32,1
DA:33,1
DA:37,2
DA:38,2
DA:39,1
DA:40,1
DA:41,1
DA:43,3
DA:44,2
DA:48,2
DA:49,2
DA:50,1
DA:52,1
DA:54,2
DA:55,2
DA:58,2
DA:59,1
DA:61,1
DA:63,2
DA:64,2
DA:67,2
DA:68,1
DA:69,1
DA:70,1
DA:71,1
DA:72,1
DA:76,1
DA:77,1
DA:78,4
DA:82,1
DA:84,1
DA:85,1
DA:86,1
DA:87,1
DA:88,1
DA:97,1
DA:102,1
DA:106,7
DA:109,0
DA:110,0
DA:112,0
DA:113,0
LF:57
LH:53
end_of_record
